The target system is: Generic - 1 - mips
The host system is: Linux - 5.10.0-12-amd64 - x86_64
Compiling the C compiler identification source file "CMakeCCompilerId.c" succeeded.
Compiler: /home/wouter/pspdev/bin/psp-gcc 
Build flags: 
Id flags: -c 

The output was:
0


Compilation of the C compiler identification source "CMakeCCompilerId.c" produced "CMakeCCompilerId.o"

The C compiler identification is GNU, found in "/home/wouter/Sources/presentation-pspdev-2022/hello world with sdl2/build/CMakeFiles/3.18.4/CompilerIdC/CMakeCCompilerId.o"

Compiling the CXX compiler identification source file "CMakeCXXCompilerId.cpp" succeeded.
Compiler: /home/wouter/pspdev/bin/psp-g++ 
Build flags: 
Id flags: -c 

The output was:
0


Compilation of the CXX compiler identification source "CMakeCXXCompilerId.cpp" produced "CMakeCXXCompilerId.o"

The CXX compiler identification is GNU, found in "/home/wouter/Sources/presentation-pspdev-2022/hello world with sdl2/build/CMakeFiles/3.18.4/CompilerIdCXX/CMakeCXXCompilerId.o"

Detecting C compiler ABI info compiled with the following output:
Change Dir: /home/wouter/Sources/presentation-pspdev-2022/hello world with sdl2/build/CMakeFiles/CMakeTmp

Run Build Command(s):/usr/bin/gmake cmTC_42f7b/fast && /usr/bin/gmake  -f CMakeFiles/cmTC_42f7b.dir/build.make CMakeFiles/cmTC_42f7b.dir/build
gmake[1]: Entering directory '/home/wouter/Sources/presentation-pspdev-2022/hello world with sdl2/build/CMakeFiles/CMakeTmp'
Building C object CMakeFiles/cmTC_42f7b.dir/CMakeCCompilerABI.c.obj
/home/wouter/pspdev/bin/psp-gcc -DPSP -D__PSP__  -I/home/wouter/pspdev/psp/include -I/home/wouter/pspdev/psp/sdk/include -DPSP -O2 -G0    -v -o CMakeFiles/cmTC_42f7b.dir/CMakeCCompilerABI.c.obj -c /usr/share/cmake-3.18/Modules/CMakeCCompilerABI.c
Using built-in specs.
COLLECT_GCC=/home/wouter/pspdev/bin/psp-gcc
Target: psp
Configured with: ../configure --quiet --prefix=/home/runner/work/pspdev/pspdev/pspdev --target=psp --enable-languages=c,c++ --with-float=hard --with-newlib --disable-libssp --disable-multilib --enable-cxx-flags=-G0 --silent
Thread model: single
Supported LTO compression algorithms: zlib
gcc version 11.2.0 (GCC) 
COLLECT_GCC_OPTIONS='-D' 'PSP' '-D' '__PSP__' '-I' '/home/wouter/pspdev/psp/include' '-I' '/home/wouter/pspdev/psp/sdk/include' '-D' 'PSP' '-O2' '-G' '0' '-v' '-o' 'CMakeFiles/cmTC_42f7b.dir/CMakeCCompilerABI.c.obj' '-c' '-mhard-float' '-msingle-float' '-dumpdir' 'CMakeFiles/cmTC_42f7b.dir/'
 /home/wouter/pspdev/bin/../libexec/gcc/psp/11.2.0/cc1 -quiet -v -I /home/wouter/pspdev/psp/include -I /home/wouter/pspdev/psp/sdk/include -iprefix /home/wouter/pspdev/bin/../lib/gcc/psp/11.2.0/ -DPSP=1 -D__PSP__=1 -D_PSP=1 -D__psp__=1 -D PSP -D __PSP__ -D PSP /usr/share/cmake-3.18/Modules/CMakeCCompilerABI.c -G 0 -quiet -dumpdir CMakeFiles/cmTC_42f7b.dir/ -dumpbase CMakeCCompilerABI.c.c -dumpbase-ext .c -mhard-float -msingle-float -O2 -version -o /tmp/ccBjGHhV.s
GNU C17 (GCC) version 11.2.0 (psp)
	compiled by GNU C version 9.3.0, GMP version 6.2.0, MPFR version 4.0.2, MPC version 1.1.0, isl version none
warning: GMP header version 6.2.0 differs from library version 6.2.1.
warning: MPFR header version 4.0.2 differs from library version 4.1.0.
warning: MPC header version 1.1.0 differs from library version 1.2.0.
GGC heuristics: --param ggc-min-expand=100 --param ggc-min-heapsize=131072
ignoring nonexistent directory "/home/wouter/pspdev/bin/../lib/gcc/psp/11.2.0/../../../../psp/sys-include"
ignoring duplicate directory "/home/wouter/pspdev/bin/../lib/gcc/../../lib/gcc/psp/11.2.0/include"
ignoring duplicate directory "/home/wouter/pspdev/bin/../lib/gcc/../../lib/gcc/psp/11.2.0/include-fixed"
ignoring nonexistent directory "/home/wouter/pspdev/bin/../lib/gcc/../../lib/gcc/psp/11.2.0/../../../../psp/sys-include"
ignoring duplicate directory "/home/wouter/pspdev/bin/../lib/gcc/../../lib/gcc/psp/11.2.0/../../../../psp/include"
ignoring duplicate directory "/home/wouter/pspdev/psp/include"
  as it is a non-system directory that duplicates a system directory
#include "..." search starts here:
#include <...> search starts here:
 /home/wouter/pspdev/psp/sdk/include
 /home/wouter/pspdev/bin/../lib/gcc/psp/11.2.0/include
 /home/wouter/pspdev/bin/../lib/gcc/psp/11.2.0/include-fixed
 /home/wouter/pspdev/bin/../lib/gcc/psp/11.2.0/../../../../psp/include
End of search list.
GNU C17 (GCC) version 11.2.0 (psp)
	compiled by GNU C version 9.3.0, GMP version 6.2.0, MPFR version 4.0.2, MPC version 1.1.0, isl version none
warning: GMP header version 6.2.0 differs from library version 6.2.1.
warning: MPFR header version 4.0.2 differs from library version 4.1.0.
warning: MPC header version 1.1.0 differs from library version 1.2.0.
GGC heuristics: --param ggc-min-expand=100 --param ggc-min-heapsize=131072
Compiler executable checksum: 5780b8dc8faca6ee5a4d5adc9319a5fa
COLLECT_GCC_OPTIONS='-D' 'PSP' '-D' '__PSP__' '-I' '/home/wouter/pspdev/psp/include' '-I' '/home/wouter/pspdev/psp/sdk/include' '-D' 'PSP' '-O2' '-G' '0' '-v' '-o' 'CMakeFiles/cmTC_42f7b.dir/CMakeCCompilerABI.c.obj' '-c' '-mhard-float' '-msingle-float' '-dumpdir' 'CMakeFiles/cmTC_42f7b.dir/'
 /home/wouter/pspdev/bin/../lib/gcc/psp/11.2.0/../../../../psp/bin/as -G 0 -EL -O2 -mabi=eabi -mhard-float -msingle-float -o CMakeFiles/cmTC_42f7b.dir/CMakeCCompilerABI.c.obj /tmp/ccBjGHhV.s
COMPILER_PATH=/home/wouter/pspdev/bin/../libexec/gcc/psp/11.2.0/:/home/wouter/pspdev/bin/../libexec/gcc/:/home/wouter/pspdev/bin/../lib/gcc/psp/11.2.0/../../../../psp/bin/
LIBRARY_PATH=/home/wouter/pspdev/bin/../lib/gcc/psp/11.2.0/:/home/wouter/pspdev/bin/../lib/gcc/:/home/wouter/pspdev/bin/../lib/gcc/psp/11.2.0/../../../../psp/lib/
COLLECT_GCC_OPTIONS='-D' 'PSP' '-D' '__PSP__' '-I' '/home/wouter/pspdev/psp/include' '-I' '/home/wouter/pspdev/psp/sdk/include' '-D' 'PSP' '-O2' '-G' '0' '-v' '-o' 'CMakeFiles/cmTC_42f7b.dir/CMakeCCompilerABI.c.obj' '-c' '-mhard-float' '-msingle-float' '-dumpdir' 'CMakeFiles/cmTC_42f7b.dir/CMakeCCompilerABI.c.'
Linking C executable cmTC_42f7b
/usr/bin/cmake -E cmake_link_script CMakeFiles/cmTC_42f7b.dir/link.txt --verbose=1
/home/wouter/pspdev/bin/psp-gcc -I/home/wouter/pspdev/psp/include -I/home/wouter/pspdev/psp/sdk/include -DPSP -O2 -G0  -L/home/wouter/pspdev/lib -L/home/wouter/pspdev/psp/lib -L/home/wouter/pspdev/psp/sdk/lib -Wl,-zmax-page-size=128 -v CMakeFiles/cmTC_42f7b.dir/CMakeCCompilerABI.c.obj -o cmTC_42f7b   -L/home/wouter/pspdev/lib  -L/home/wouter/pspdev/psp/lib  -L/home/wouter/pspdev/psp/sdk/lib 
Using built-in specs.
COLLECT_GCC=/home/wouter/pspdev/bin/psp-gcc
COLLECT_LTO_WRAPPER=/home/wouter/pspdev/bin/../libexec/gcc/psp/11.2.0/lto-wrapper
Target: psp
Configured with: ../configure --quiet --prefix=/home/runner/work/pspdev/pspdev/pspdev --target=psp --enable-languages=c,c++ --with-float=hard --with-newlib --disable-libssp --disable-multilib --enable-cxx-flags=-G0 --silent
Thread model: single
Supported LTO compression algorithms: zlib
gcc version 11.2.0 (GCC) 
COMPILER_PATH=/home/wouter/pspdev/bin/../libexec/gcc/psp/11.2.0/:/home/wouter/pspdev/bin/../libexec/gcc/:/home/wouter/pspdev/bin/../lib/gcc/psp/11.2.0/../../../../psp/bin/
LIBRARY_PATH=/home/wouter/pspdev/bin/../lib/gcc/psp/11.2.0/:/home/wouter/pspdev/bin/../lib/gcc/:/home/wouter/pspdev/bin/../lib/gcc/psp/11.2.0/../../../../psp/lib/
COLLECT_GCC_OPTIONS='-I' '/home/wouter/pspdev/psp/include' '-I' '/home/wouter/pspdev/psp/sdk/include' '-D' 'PSP' '-O2' '-G' '0' '-L/home/wouter/pspdev/lib' '-L/home/wouter/pspdev/psp/lib' '-L/home/wouter/pspdev/psp/sdk/lib' '-v' '-o' 'cmTC_42f7b' '-L/home/wouter/pspdev/lib' '-L/home/wouter/pspdev/psp/lib' '-L/home/wouter/pspdev/psp/sdk/lib' '-mhard-float' '-msingle-float' '-dumpdir' 'cmTC_42f7b.'
 /home/wouter/pspdev/bin/../libexec/gcc/psp/11.2.0/collect2 -plugin /home/wouter/pspdev/bin/../libexec/gcc/psp/11.2.0/liblto_plugin.so -plugin-opt=/home/wouter/pspdev/bin/../libexec/gcc/psp/11.2.0/lto-wrapper -plugin-opt=-fresolution=/tmp/ccdCkyli.res -plugin-opt=-pass-through=-lgcc -plugin-opt=-pass-through=-lm -plugin-opt=-pass-through=-lcglue -plugin-opt=-pass-through=-lc -plugin-opt=-pass-through=-lpsputility -plugin-opt=-pass-through=-lpsprtc -plugin-opt=-pass-through=-lpspnet_inet -plugin-opt=-pass-through=-lpspnet_resolver -plugin-opt=-pass-through=-lpspmodinfo -plugin-opt=-pass-through=-lpspuser -plugin-opt=-pass-through=-lpspkernel -plugin-opt=-pass-through=-lgcc -EL -G 0 -o cmTC_42f7b /home/wouter/pspdev/bin/../lib/gcc/psp/11.2.0/../../../../psp/lib/crt0.o /home/wouter/pspdev/bin/../lib/gcc/psp/11.2.0/crti.o /home/wouter/pspdev/bin/../lib/gcc/psp/11.2.0/crtbegin.o -L/home/wouter/pspdev/lib -L/home/wouter/pspdev/psp/lib -L/home/wouter/pspdev/psp/sdk/lib -L/home/wouter/pspdev/lib -L/home/wouter/pspdev/psp/lib -L/home/wouter/pspdev/psp/sdk/lib -L/home/wouter/pspdev/bin/../lib/gcc/psp/11.2.0 -L/home/wouter/pspdev/bin/../lib/gcc -L/home/wouter/pspdev/bin/../lib/gcc/psp/11.2.0/../../../../psp/lib -zmax-page-size=128 CMakeFiles/cmTC_42f7b.dir/CMakeCCompilerABI.c.obj -lgcc -lm --start-group -lcglue -lc --end-group -lpsputility -lpsprtc -lpspnet_inet -lpspnet_resolver -lpspmodinfo -lpspuser -lpspkernel -lgcc /home/wouter/pspdev/bin/../lib/gcc/psp/11.2.0/crtend.o /home/wouter/pspdev/bin/../lib/gcc/psp/11.2.0/crtn.o
COLLECT_GCC_OPTIONS='-I' '/home/wouter/pspdev/psp/include' '-I' '/home/wouter/pspdev/psp/sdk/include' '-D' 'PSP' '-O2' '-G' '0' '-L/home/wouter/pspdev/lib' '-L/home/wouter/pspdev/psp/lib' '-L/home/wouter/pspdev/psp/sdk/lib' '-v' '-o' 'cmTC_42f7b' '-L/home/wouter/pspdev/lib' '-L/home/wouter/pspdev/psp/lib' '-L/home/wouter/pspdev/psp/sdk/lib' '-mhard-float' '-msingle-float' '-dumpdir' 'cmTC_42f7b.'
gmake[1]: Leaving directory '/home/wouter/Sources/presentation-pspdev-2022/hello world with sdl2/build/CMakeFiles/CMakeTmp'



Parsed C implicit include dir info from above output: rv=done
  found start of include info
  found start of implicit include info
    add: [/home/wouter/pspdev/psp/sdk/include]
    add: [/home/wouter/pspdev/bin/../lib/gcc/psp/11.2.0/include]
    add: [/home/wouter/pspdev/bin/../lib/gcc/psp/11.2.0/include-fixed]
    add: [/home/wouter/pspdev/bin/../lib/gcc/psp/11.2.0/../../../../psp/include]
  end of search list found
  collapse include dir [/home/wouter/pspdev/psp/sdk/include] ==> [/home/wouter/pspdev/psp/sdk/include]
  collapse include dir [/home/wouter/pspdev/bin/../lib/gcc/psp/11.2.0/include] ==> [/home/wouter/pspdev/lib/gcc/psp/11.2.0/include]
  collapse include dir [/home/wouter/pspdev/bin/../lib/gcc/psp/11.2.0/include-fixed] ==> [/home/wouter/pspdev/lib/gcc/psp/11.2.0/include-fixed]
  collapse include dir [/home/wouter/pspdev/bin/../lib/gcc/psp/11.2.0/../../../../psp/include] ==> [/home/wouter/pspdev/psp/include]
  implicit include dirs: [/home/wouter/pspdev/psp/sdk/include;/home/wouter/pspdev/lib/gcc/psp/11.2.0/include;/home/wouter/pspdev/lib/gcc/psp/11.2.0/include-fixed;/home/wouter/pspdev/psp/include]


Parsed C implicit link information from above output:
  link line regex: [^( *|.*[/\])(psp-ld|CMAKE_LINK_STARTFILE-NOTFOUND|([^/\]+-)?ld|collect2)[^/\]*( |$)]
  ignore line: [Change Dir: /home/wouter/Sources/presentation-pspdev-2022/hello world with sdl2/build/CMakeFiles/CMakeTmp]
  ignore line: []
  ignore line: [Run Build Command(s):/usr/bin/gmake cmTC_42f7b/fast && /usr/bin/gmake  -f CMakeFiles/cmTC_42f7b.dir/build.make CMakeFiles/cmTC_42f7b.dir/build]
  ignore line: [gmake[1]: Entering directory '/home/wouter/Sources/presentation-pspdev-2022/hello world with sdl2/build/CMakeFiles/CMakeTmp']
  ignore line: [Building C object CMakeFiles/cmTC_42f7b.dir/CMakeCCompilerABI.c.obj]
  ignore line: [/home/wouter/pspdev/bin/psp-gcc -DPSP -D__PSP__  -I/home/wouter/pspdev/psp/include -I/home/wouter/pspdev/psp/sdk/include -DPSP -O2 -G0    -v -o CMakeFiles/cmTC_42f7b.dir/CMakeCCompilerABI.c.obj -c /usr/share/cmake-3.18/Modules/CMakeCCompilerABI.c]
  ignore line: [Using built-in specs.]
  ignore line: [COLLECT_GCC=/home/wouter/pspdev/bin/psp-gcc]
  ignore line: [Target: psp]
  ignore line: [Configured with: ../configure --quiet --prefix=/home/runner/work/pspdev/pspdev/pspdev --target=psp --enable-languages=c c++ --with-float=hard --with-newlib --disable-libssp --disable-multilib --enable-cxx-flags=-G0 --silent]
  ignore line: [Thread model: single]
  ignore line: [Supported LTO compression algorithms: zlib]
  ignore line: [gcc version 11.2.0 (GCC) ]
  ignore line: [COLLECT_GCC_OPTIONS='-D' 'PSP' '-D' '__PSP__' '-I' '/home/wouter/pspdev/psp/include' '-I' '/home/wouter/pspdev/psp/sdk/include' '-D' 'PSP' '-O2' '-G' '0' '-v' '-o' 'CMakeFiles/cmTC_42f7b.dir/CMakeCCompilerABI.c.obj' '-c' '-mhard-float' '-msingle-float' '-dumpdir' 'CMakeFiles/cmTC_42f7b.dir/']
  ignore line: [ /home/wouter/pspdev/bin/../libexec/gcc/psp/11.2.0/cc1 -quiet -v -I /home/wouter/pspdev/psp/include -I /home/wouter/pspdev/psp/sdk/include -iprefix /home/wouter/pspdev/bin/../lib/gcc/psp/11.2.0/ -DPSP=1 -D__PSP__=1 -D_PSP=1 -D__psp__=1 -D PSP -D __PSP__ -D PSP /usr/share/cmake-3.18/Modules/CMakeCCompilerABI.c -G 0 -quiet -dumpdir CMakeFiles/cmTC_42f7b.dir/ -dumpbase CMakeCCompilerABI.c.c -dumpbase-ext .c -mhard-float -msingle-float -O2 -version -o /tmp/ccBjGHhV.s]
  ignore line: [GNU C17 (GCC) version 11.2.0 (psp)]
  ignore line: [	compiled by GNU C version 9.3.0  GMP version 6.2.0  MPFR version 4.0.2  MPC version 1.1.0  isl version none]
  ignore line: [warning: GMP header version 6.2.0 differs from library version 6.2.1.]
  ignore line: [warning: MPFR header version 4.0.2 differs from library version 4.1.0.]
  ignore line: [warning: MPC header version 1.1.0 differs from library version 1.2.0.]
  ignore line: [GGC heuristics: --param ggc-min-expand=100 --param ggc-min-heapsize=131072]
  ignore line: [ignoring nonexistent directory "/home/wouter/pspdev/bin/../lib/gcc/psp/11.2.0/../../../../psp/sys-include"]
  ignore line: [ignoring duplicate directory "/home/wouter/pspdev/bin/../lib/gcc/../../lib/gcc/psp/11.2.0/include"]
  ignore line: [ignoring duplicate directory "/home/wouter/pspdev/bin/../lib/gcc/../../lib/gcc/psp/11.2.0/include-fixed"]
  ignore line: [ignoring nonexistent directory "/home/wouter/pspdev/bin/../lib/gcc/../../lib/gcc/psp/11.2.0/../../../../psp/sys-include"]
  ignore line: [ignoring duplicate directory "/home/wouter/pspdev/bin/../lib/gcc/../../lib/gcc/psp/11.2.0/../../../../psp/include"]
  ignore line: [ignoring duplicate directory "/home/wouter/pspdev/psp/include"]
  ignore line: [  as it is a non-system directory that duplicates a system directory]
  ignore line: [#include "..." search starts here:]
  ignore line: [#include <...> search starts here:]
  ignore line: [ /home/wouter/pspdev/psp/sdk/include]
  ignore line: [ /home/wouter/pspdev/bin/../lib/gcc/psp/11.2.0/include]
  ignore line: [ /home/wouter/pspdev/bin/../lib/gcc/psp/11.2.0/include-fixed]
  ignore line: [ /home/wouter/pspdev/bin/../lib/gcc/psp/11.2.0/../../../../psp/include]
  ignore line: [End of search list.]
  ignore line: [GNU C17 (GCC) version 11.2.0 (psp)]
  ignore line: [	compiled by GNU C version 9.3.0  GMP version 6.2.0  MPFR version 4.0.2  MPC version 1.1.0  isl version none]
  ignore line: [warning: GMP header version 6.2.0 differs from library version 6.2.1.]
  ignore line: [warning: MPFR header version 4.0.2 differs from library version 4.1.0.]
  ignore line: [warning: MPC header version 1.1.0 differs from library version 1.2.0.]
  ignore line: [GGC heuristics: --param ggc-min-expand=100 --param ggc-min-heapsize=131072]
  ignore line: [Compiler executable checksum: 5780b8dc8faca6ee5a4d5adc9319a5fa]
  ignore line: [COLLECT_GCC_OPTIONS='-D' 'PSP' '-D' '__PSP__' '-I' '/home/wouter/pspdev/psp/include' '-I' '/home/wouter/pspdev/psp/sdk/include' '-D' 'PSP' '-O2' '-G' '0' '-v' '-o' 'CMakeFiles/cmTC_42f7b.dir/CMakeCCompilerABI.c.obj' '-c' '-mhard-float' '-msingle-float' '-dumpdir' 'CMakeFiles/cmTC_42f7b.dir/']
  ignore line: [ /home/wouter/pspdev/bin/../lib/gcc/psp/11.2.0/../../../../psp/bin/as -G 0 -EL -O2 -mabi=eabi -mhard-float -msingle-float -o CMakeFiles/cmTC_42f7b.dir/CMakeCCompilerABI.c.obj /tmp/ccBjGHhV.s]
  ignore line: [COMPILER_PATH=/home/wouter/pspdev/bin/../libexec/gcc/psp/11.2.0/:/home/wouter/pspdev/bin/../libexec/gcc/:/home/wouter/pspdev/bin/../lib/gcc/psp/11.2.0/../../../../psp/bin/]
  ignore line: [LIBRARY_PATH=/home/wouter/pspdev/bin/../lib/gcc/psp/11.2.0/:/home/wouter/pspdev/bin/../lib/gcc/:/home/wouter/pspdev/bin/../lib/gcc/psp/11.2.0/../../../../psp/lib/]
  ignore line: [COLLECT_GCC_OPTIONS='-D' 'PSP' '-D' '__PSP__' '-I' '/home/wouter/pspdev/psp/include' '-I' '/home/wouter/pspdev/psp/sdk/include' '-D' 'PSP' '-O2' '-G' '0' '-v' '-o' 'CMakeFiles/cmTC_42f7b.dir/CMakeCCompilerABI.c.obj' '-c' '-mhard-float' '-msingle-float' '-dumpdir' 'CMakeFiles/cmTC_42f7b.dir/CMakeCCompilerABI.c.']
  ignore line: [Linking C executable cmTC_42f7b]
  ignore line: [/usr/bin/cmake -E cmake_link_script CMakeFiles/cmTC_42f7b.dir/link.txt --verbose=1]
  ignore line: [/home/wouter/pspdev/bin/psp-gcc -I/home/wouter/pspdev/psp/include -I/home/wouter/pspdev/psp/sdk/include -DPSP -O2 -G0  -L/home/wouter/pspdev/lib -L/home/wouter/pspdev/psp/lib -L/home/wouter/pspdev/psp/sdk/lib -Wl -zmax-page-size=128 -v CMakeFiles/cmTC_42f7b.dir/CMakeCCompilerABI.c.obj -o cmTC_42f7b   -L/home/wouter/pspdev/lib  -L/home/wouter/pspdev/psp/lib  -L/home/wouter/pspdev/psp/sdk/lib ]
  ignore line: [Using built-in specs.]
  ignore line: [COLLECT_GCC=/home/wouter/pspdev/bin/psp-gcc]
  ignore line: [COLLECT_LTO_WRAPPER=/home/wouter/pspdev/bin/../libexec/gcc/psp/11.2.0/lto-wrapper]
  ignore line: [Target: psp]
  ignore line: [Configured with: ../configure --quiet --prefix=/home/runner/work/pspdev/pspdev/pspdev --target=psp --enable-languages=c c++ --with-float=hard --with-newlib --disable-libssp --disable-multilib --enable-cxx-flags=-G0 --silent]
  ignore line: [Thread model: single]
  ignore line: [Supported LTO compression algorithms: zlib]
  ignore line: [gcc version 11.2.0 (GCC) ]
  ignore line: [COMPILER_PATH=/home/wouter/pspdev/bin/../libexec/gcc/psp/11.2.0/:/home/wouter/pspdev/bin/../libexec/gcc/:/home/wouter/pspdev/bin/../lib/gcc/psp/11.2.0/../../../../psp/bin/]
  ignore line: [LIBRARY_PATH=/home/wouter/pspdev/bin/../lib/gcc/psp/11.2.0/:/home/wouter/pspdev/bin/../lib/gcc/:/home/wouter/pspdev/bin/../lib/gcc/psp/11.2.0/../../../../psp/lib/]
  ignore line: [COLLECT_GCC_OPTIONS='-I' '/home/wouter/pspdev/psp/include' '-I' '/home/wouter/pspdev/psp/sdk/include' '-D' 'PSP' '-O2' '-G' '0' '-L/home/wouter/pspdev/lib' '-L/home/wouter/pspdev/psp/lib' '-L/home/wouter/pspdev/psp/sdk/lib' '-v' '-o' 'cmTC_42f7b' '-L/home/wouter/pspdev/lib' '-L/home/wouter/pspdev/psp/lib' '-L/home/wouter/pspdev/psp/sdk/lib' '-mhard-float' '-msingle-float' '-dumpdir' 'cmTC_42f7b.']
  link line: [ /home/wouter/pspdev/bin/../libexec/gcc/psp/11.2.0/collect2 -plugin /home/wouter/pspdev/bin/../libexec/gcc/psp/11.2.0/liblto_plugin.so -plugin-opt=/home/wouter/pspdev/bin/../libexec/gcc/psp/11.2.0/lto-wrapper -plugin-opt=-fresolution=/tmp/ccdCkyli.res -plugin-opt=-pass-through=-lgcc -plugin-opt=-pass-through=-lm -plugin-opt=-pass-through=-lcglue -plugin-opt=-pass-through=-lc -plugin-opt=-pass-through=-lpsputility -plugin-opt=-pass-through=-lpsprtc -plugin-opt=-pass-through=-lpspnet_inet -plugin-opt=-pass-through=-lpspnet_resolver -plugin-opt=-pass-through=-lpspmodinfo -plugin-opt=-pass-through=-lpspuser -plugin-opt=-pass-through=-lpspkernel -plugin-opt=-pass-through=-lgcc -EL -G 0 -o cmTC_42f7b /home/wouter/pspdev/bin/../lib/gcc/psp/11.2.0/../../../../psp/lib/crt0.o /home/wouter/pspdev/bin/../lib/gcc/psp/11.2.0/crti.o /home/wouter/pspdev/bin/../lib/gcc/psp/11.2.0/crtbegin.o -L/home/wouter/pspdev/lib -L/home/wouter/pspdev/psp/lib -L/home/wouter/pspdev/psp/sdk/lib -L/home/wouter/pspdev/lib -L/home/wouter/pspdev/psp/lib -L/home/wouter/pspdev/psp/sdk/lib -L/home/wouter/pspdev/bin/../lib/gcc/psp/11.2.0 -L/home/wouter/pspdev/bin/../lib/gcc -L/home/wouter/pspdev/bin/../lib/gcc/psp/11.2.0/../../../../psp/lib -zmax-page-size=128 CMakeFiles/cmTC_42f7b.dir/CMakeCCompilerABI.c.obj -lgcc -lm --start-group -lcglue -lc --end-group -lpsputility -lpsprtc -lpspnet_inet -lpspnet_resolver -lpspmodinfo -lpspuser -lpspkernel -lgcc /home/wouter/pspdev/bin/../lib/gcc/psp/11.2.0/crtend.o /home/wouter/pspdev/bin/../lib/gcc/psp/11.2.0/crtn.o]
    arg [/home/wouter/pspdev/bin/../libexec/gcc/psp/11.2.0/collect2] ==> ignore
    arg [-plugin] ==> ignore
    arg [/home/wouter/pspdev/bin/../libexec/gcc/psp/11.2.0/liblto_plugin.so] ==> ignore
    arg [-plugin-opt=/home/wouter/pspdev/bin/../libexec/gcc/psp/11.2.0/lto-wrapper] ==> ignore
    arg [-plugin-opt=-fresolution=/tmp/ccdCkyli.res] ==> ignore
    arg [-plugin-opt=-pass-through=-lgcc] ==> ignore
    arg [-plugin-opt=-pass-through=-lm] ==> ignore
    arg [-plugin-opt=-pass-through=-lcglue] ==> ignore
    arg [-plugin-opt=-pass-through=-lc] ==> ignore
    arg [-plugin-opt=-pass-through=-lpsputility] ==> ignore
    arg [-plugin-opt=-pass-through=-lpsprtc] ==> ignore
    arg [-plugin-opt=-pass-through=-lpspnet_inet] ==> ignore
    arg [-plugin-opt=-pass-through=-lpspnet_resolver] ==> ignore
    arg [-plugin-opt=-pass-through=-lpspmodinfo] ==> ignore
    arg [-plugin-opt=-pass-through=-lpspuser] ==> ignore
    arg [-plugin-opt=-pass-through=-lpspkernel] ==> ignore
    arg [-plugin-opt=-pass-through=-lgcc] ==> ignore
    arg [-EL] ==> ignore
    arg [-G] ==> ignore
    arg [0] ==> ignore
    arg [-o] ==> ignore
    arg [cmTC_42f7b] ==> ignore
    arg [/home/wouter/pspdev/bin/../lib/gcc/psp/11.2.0/../../../../psp/lib/crt0.o] ==> ignore
    arg [/home/wouter/pspdev/bin/../lib/gcc/psp/11.2.0/crti.o] ==> ignore
    arg [/home/wouter/pspdev/bin/../lib/gcc/psp/11.2.0/crtbegin.o] ==> ignore
    arg [-L/home/wouter/pspdev/lib] ==> dir [/home/wouter/pspdev/lib]
    arg [-L/home/wouter/pspdev/psp/lib] ==> dir [/home/wouter/pspdev/psp/lib]
    arg [-L/home/wouter/pspdev/psp/sdk/lib] ==> dir [/home/wouter/pspdev/psp/sdk/lib]
    arg [-L/home/wouter/pspdev/lib] ==> dir [/home/wouter/pspdev/lib]
    arg [-L/home/wouter/pspdev/psp/lib] ==> dir [/home/wouter/pspdev/psp/lib]
    arg [-L/home/wouter/pspdev/psp/sdk/lib] ==> dir [/home/wouter/pspdev/psp/sdk/lib]
    arg [-L/home/wouter/pspdev/bin/../lib/gcc/psp/11.2.0] ==> dir [/home/wouter/pspdev/bin/../lib/gcc/psp/11.2.0]
    arg [-L/home/wouter/pspdev/bin/../lib/gcc] ==> dir [/home/wouter/pspdev/bin/../lib/gcc]
    arg [-L/home/wouter/pspdev/bin/../lib/gcc/psp/11.2.0/../../../../psp/lib] ==> dir [/home/wouter/pspdev/bin/../lib/gcc/psp/11.2.0/../../../../psp/lib]
    arg [-zmax-page-size=128] ==> ignore
    arg [CMakeFiles/cmTC_42f7b.dir/CMakeCCompilerABI.c.obj] ==> ignore
    arg [-lgcc] ==> lib [gcc]
    arg [-lm] ==> lib [m]
    arg [--start-group] ==> ignore
    arg [-lcglue] ==> lib [cglue]
    arg [-lc] ==> lib [c]
    arg [--end-group] ==> ignore
    arg [-lpsputility] ==> lib [psputility]
    arg [-lpsprtc] ==> lib [psprtc]
    arg [-lpspnet_inet] ==> lib [pspnet_inet]
    arg [-lpspnet_resolver] ==> lib [pspnet_resolver]
    arg [-lpspmodinfo] ==> lib [pspmodinfo]
    arg [-lpspuser] ==> lib [pspuser]
    arg [-lpspkernel] ==> lib [pspkernel]
    arg [-lgcc] ==> lib [gcc]
    arg [/home/wouter/pspdev/bin/../lib/gcc/psp/11.2.0/crtend.o] ==> ignore
    arg [/home/wouter/pspdev/bin/../lib/gcc/psp/11.2.0/crtn.o] ==> ignore
  collapse library dir [/home/wouter/pspdev/lib] ==> [/home/wouter/pspdev/lib]
  collapse library dir [/home/wouter/pspdev/psp/lib] ==> [/home/wouter/pspdev/psp/lib]
  collapse library dir [/home/wouter/pspdev/psp/sdk/lib] ==> [/home/wouter/pspdev/psp/sdk/lib]
  collapse library dir [/home/wouter/pspdev/lib] ==> [/home/wouter/pspdev/lib]
  collapse library dir [/home/wouter/pspdev/psp/lib] ==> [/home/wouter/pspdev/psp/lib]
  collapse library dir [/home/wouter/pspdev/psp/sdk/lib] ==> [/home/wouter/pspdev/psp/sdk/lib]
  collapse library dir [/home/wouter/pspdev/bin/../lib/gcc/psp/11.2.0] ==> [/home/wouter/pspdev/lib/gcc/psp/11.2.0]
  collapse library dir [/home/wouter/pspdev/bin/../lib/gcc] ==> [/home/wouter/pspdev/lib/gcc]
  collapse library dir [/home/wouter/pspdev/bin/../lib/gcc/psp/11.2.0/../../../../psp/lib] ==> [/home/wouter/pspdev/psp/lib]
  implicit libs: [gcc;m;cglue;c;psputility;psprtc;pspnet_inet;pspnet_resolver;pspmodinfo;pspuser;pspkernel;gcc]
  implicit dirs: [/home/wouter/pspdev/lib;/home/wouter/pspdev/psp/lib;/home/wouter/pspdev/psp/sdk/lib;/home/wouter/pspdev/lib/gcc/psp/11.2.0;/home/wouter/pspdev/lib/gcc]
  implicit fwks: []


Detecting CXX compiler ABI info compiled with the following output:
Change Dir: /home/wouter/Sources/presentation-pspdev-2022/hello world with sdl2/build/CMakeFiles/CMakeTmp

Run Build Command(s):/usr/bin/gmake cmTC_2eb9d/fast && /usr/bin/gmake  -f CMakeFiles/cmTC_2eb9d.dir/build.make CMakeFiles/cmTC_2eb9d.dir/build
gmake[1]: Entering directory '/home/wouter/Sources/presentation-pspdev-2022/hello world with sdl2/build/CMakeFiles/CMakeTmp'
Building CXX object CMakeFiles/cmTC_2eb9d.dir/CMakeCXXCompilerABI.cpp.obj
/home/wouter/pspdev/bin/psp-g++ -DPSP -D__PSP__  -I/home/wouter/pspdev/psp/include -I/home/wouter/pspdev/psp/sdk/include -DPSP -O2 -G0    -v -o CMakeFiles/cmTC_2eb9d.dir/CMakeCXXCompilerABI.cpp.obj -c /usr/share/cmake-3.18/Modules/CMakeCXXCompilerABI.cpp
Using built-in specs.
COLLECT_GCC=/home/wouter/pspdev/bin/psp-g++
Target: psp
Configured with: ../configure --quiet --prefix=/home/runner/work/pspdev/pspdev/pspdev --target=psp --enable-languages=c,c++ --with-float=hard --with-newlib --disable-libssp --disable-multilib --enable-cxx-flags=-G0 --silent
Thread model: single
Supported LTO compression algorithms: zlib
gcc version 11.2.0 (GCC) 
COLLECT_GCC_OPTIONS='-D' 'PSP' '-D' '__PSP__' '-I' '/home/wouter/pspdev/psp/include' '-I' '/home/wouter/pspdev/psp/sdk/include' '-D' 'PSP' '-O2' '-G' '0' '-v' '-o' 'CMakeFiles/cmTC_2eb9d.dir/CMakeCXXCompilerABI.cpp.obj' '-c' '-mhard-float' '-msingle-float' '-dumpdir' 'CMakeFiles/cmTC_2eb9d.dir/'
 /home/wouter/pspdev/bin/../libexec/gcc/psp/11.2.0/cc1plus -quiet -v -I /home/wouter/pspdev/psp/include -I /home/wouter/pspdev/psp/sdk/include -iprefix /home/wouter/pspdev/bin/../lib/gcc/psp/11.2.0/ -DPSP=1 -D__PSP__=1 -D_PSP=1 -D__psp__=1 -D PSP -D __PSP__ -D PSP /usr/share/cmake-3.18/Modules/CMakeCXXCompilerABI.cpp -G 0 -quiet -dumpdir CMakeFiles/cmTC_2eb9d.dir/ -dumpbase CMakeCXXCompilerABI.cpp.cpp -dumpbase-ext .cpp -mhard-float -msingle-float -O2 -version -o /tmp/ccnRmf2L.s
GNU C++17 (GCC) version 11.2.0 (psp)
	compiled by GNU C version 9.3.0, GMP version 6.2.0, MPFR version 4.0.2, MPC version 1.1.0, isl version none
warning: GMP header version 6.2.0 differs from library version 6.2.1.
warning: MPFR header version 4.0.2 differs from library version 4.1.0.
warning: MPC header version 1.1.0 differs from library version 1.2.0.
GGC heuristics: --param ggc-min-expand=100 --param ggc-min-heapsize=131072
ignoring nonexistent directory "/home/wouter/pspdev/bin/../lib/gcc/psp/11.2.0/../../../../psp/sys-include"
ignoring duplicate directory "/home/wouter/pspdev/bin/../lib/gcc/../../lib/gcc/psp/11.2.0/../../../../psp/include/c++/11.2.0"
ignoring duplicate directory "/home/wouter/pspdev/bin/../lib/gcc/../../lib/gcc/psp/11.2.0/../../../../psp/include/c++/11.2.0/psp"
ignoring duplicate directory "/home/wouter/pspdev/bin/../lib/gcc/../../lib/gcc/psp/11.2.0/../../../../psp/include/c++/11.2.0/backward"
ignoring duplicate directory "/home/wouter/pspdev/bin/../lib/gcc/../../lib/gcc/psp/11.2.0/include"
ignoring duplicate directory "/home/wouter/pspdev/bin/../lib/gcc/../../lib/gcc/psp/11.2.0/include-fixed"
ignoring nonexistent directory "/home/wouter/pspdev/bin/../lib/gcc/../../lib/gcc/psp/11.2.0/../../../../psp/sys-include"
ignoring duplicate directory "/home/wouter/pspdev/bin/../lib/gcc/../../lib/gcc/psp/11.2.0/../../../../psp/include"
ignoring duplicate directory "/home/wouter/pspdev/psp/include"
  as it is a non-system directory that duplicates a system directory
#include "..." search starts here:
#include <...> search starts here:
 /home/wouter/pspdev/psp/sdk/include
 /home/wouter/pspdev/bin/../lib/gcc/psp/11.2.0/../../../../psp/include/c++/11.2.0
 /home/wouter/pspdev/bin/../lib/gcc/psp/11.2.0/../../../../psp/include/c++/11.2.0/psp
 /home/wouter/pspdev/bin/../lib/gcc/psp/11.2.0/../../../../psp/include/c++/11.2.0/backward
 /home/wouter/pspdev/bin/../lib/gcc/psp/11.2.0/include
 /home/wouter/pspdev/bin/../lib/gcc/psp/11.2.0/include-fixed
 /home/wouter/pspdev/bin/../lib/gcc/psp/11.2.0/../../../../psp/include
End of search list.
GNU C++17 (GCC) version 11.2.0 (psp)
	compiled by GNU C version 9.3.0, GMP version 6.2.0, MPFR version 4.0.2, MPC version 1.1.0, isl version none
warning: GMP header version 6.2.0 differs from library version 6.2.1.
warning: MPFR header version 4.0.2 differs from library version 4.1.0.
warning: MPC header version 1.1.0 differs from library version 1.2.0.
GGC heuristics: --param ggc-min-expand=100 --param ggc-min-heapsize=131072
Compiler executable checksum: 7f6f4d545b67c622b60a268348a85168
COLLECT_GCC_OPTIONS='-D' 'PSP' '-D' '__PSP__' '-I' '/home/wouter/pspdev/psp/include' '-I' '/home/wouter/pspdev/psp/sdk/include' '-D' 'PSP' '-O2' '-G' '0' '-v' '-o' 'CMakeFiles/cmTC_2eb9d.dir/CMakeCXXCompilerABI.cpp.obj' '-c' '-mhard-float' '-msingle-float' '-dumpdir' 'CMakeFiles/cmTC_2eb9d.dir/'
 /home/wouter/pspdev/bin/../lib/gcc/psp/11.2.0/../../../../psp/bin/as -G 0 -EL -O2 -mabi=eabi -mhard-float -msingle-float -o CMakeFiles/cmTC_2eb9d.dir/CMakeCXXCompilerABI.cpp.obj /tmp/ccnRmf2L.s
COMPILER_PATH=/home/wouter/pspdev/bin/../libexec/gcc/psp/11.2.0/:/home/wouter/pspdev/bin/../libexec/gcc/:/home/wouter/pspdev/bin/../lib/gcc/psp/11.2.0/../../../../psp/bin/
LIBRARY_PATH=/home/wouter/pspdev/bin/../lib/gcc/psp/11.2.0/:/home/wouter/pspdev/bin/../lib/gcc/:/home/wouter/pspdev/bin/../lib/gcc/psp/11.2.0/../../../../psp/lib/
COLLECT_GCC_OPTIONS='-D' 'PSP' '-D' '__PSP__' '-I' '/home/wouter/pspdev/psp/include' '-I' '/home/wouter/pspdev/psp/sdk/include' '-D' 'PSP' '-O2' '-G' '0' '-v' '-o' 'CMakeFiles/cmTC_2eb9d.dir/CMakeCXXCompilerABI.cpp.obj' '-c' '-mhard-float' '-msingle-float' '-dumpdir' 'CMakeFiles/cmTC_2eb9d.dir/CMakeCXXCompilerABI.cpp.'
Linking CXX executable cmTC_2eb9d
/usr/bin/cmake -E cmake_link_script CMakeFiles/cmTC_2eb9d.dir/link.txt --verbose=1
/home/wouter/pspdev/bin/psp-g++ -I/home/wouter/pspdev/psp/include -I/home/wouter/pspdev/psp/sdk/include -DPSP -O2 -G0  -L/home/wouter/pspdev/lib -L/home/wouter/pspdev/psp/lib -L/home/wouter/pspdev/psp/sdk/lib -Wl,-zmax-page-size=128 -v CMakeFiles/cmTC_2eb9d.dir/CMakeCXXCompilerABI.cpp.obj -o cmTC_2eb9d   -L/home/wouter/pspdev/lib  -L/home/wouter/pspdev/psp/lib  -L/home/wouter/pspdev/psp/sdk/lib 
Using built-in specs.
COLLECT_GCC=/home/wouter/pspdev/bin/psp-g++
COLLECT_LTO_WRAPPER=/home/wouter/pspdev/bin/../libexec/gcc/psp/11.2.0/lto-wrapper
Target: psp
Configured with: ../configure --quiet --prefix=/home/runner/work/pspdev/pspdev/pspdev --target=psp --enable-languages=c,c++ --with-float=hard --with-newlib --disable-libssp --disable-multilib --enable-cxx-flags=-G0 --silent
Thread model: single
Supported LTO compression algorithms: zlib
gcc version 11.2.0 (GCC) 
COMPILER_PATH=/home/wouter/pspdev/bin/../libexec/gcc/psp/11.2.0/:/home/wouter/pspdev/bin/../libexec/gcc/:/home/wouter/pspdev/bin/../lib/gcc/psp/11.2.0/../../../../psp/bin/
LIBRARY_PATH=/home/wouter/pspdev/bin/../lib/gcc/psp/11.2.0/:/home/wouter/pspdev/bin/../lib/gcc/:/home/wouter/pspdev/bin/../lib/gcc/psp/11.2.0/../../../../psp/lib/
COLLECT_GCC_OPTIONS='-I' '/home/wouter/pspdev/psp/include' '-I' '/home/wouter/pspdev/psp/sdk/include' '-D' 'PSP' '-O2' '-G' '0' '-L/home/wouter/pspdev/lib' '-L/home/wouter/pspdev/psp/lib' '-L/home/wouter/pspdev/psp/sdk/lib' '-v' '-o' 'cmTC_2eb9d' '-L/home/wouter/pspdev/lib' '-L/home/wouter/pspdev/psp/lib' '-L/home/wouter/pspdev/psp/sdk/lib' '-mhard-float' '-msingle-float' '-dumpdir' 'cmTC_2eb9d.'
 /home/wouter/pspdev/bin/../libexec/gcc/psp/11.2.0/collect2 -plugin /home/wouter/pspdev/bin/../libexec/gcc/psp/11.2.0/liblto_plugin.so -plugin-opt=/home/wouter/pspdev/bin/../libexec/gcc/psp/11.2.0/lto-wrapper -plugin-opt=-fresolution=/tmp/ccoQfUQ7.res -plugin-opt=-pass-through=-lgcc -plugin-opt=-pass-through=-lm -plugin-opt=-pass-through=-lcglue -plugin-opt=-pass-through=-lc -plugin-opt=-pass-through=-lpsputility -plugin-opt=-pass-through=-lpsprtc -plugin-opt=-pass-through=-lpspnet_inet -plugin-opt=-pass-through=-lpspnet_resolver -plugin-opt=-pass-through=-lpspmodinfo -plugin-opt=-pass-through=-lpspuser -plugin-opt=-pass-through=-lpspkernel -plugin-opt=-pass-through=-lgcc -EL -G 0 -o cmTC_2eb9d /home/wouter/pspdev/bin/../lib/gcc/psp/11.2.0/../../../../psp/lib/crt0.o /home/wouter/pspdev/bin/../lib/gcc/psp/11.2.0/crti.o /home/wouter/pspdev/bin/../lib/gcc/psp/11.2.0/crtbegin.o -L/home/wouter/pspdev/lib -L/home/wouter/pspdev/psp/lib -L/home/wouter/pspdev/psp/sdk/lib -L/home/wouter/pspdev/lib -L/home/wouter/pspdev/psp/lib -L/home/wouter/pspdev/psp/sdk/lib -L/home/wouter/pspdev/bin/../lib/gcc/psp/11.2.0 -L/home/wouter/pspdev/bin/../lib/gcc -L/home/wouter/pspdev/bin/../lib/gcc/psp/11.2.0/../../../../psp/lib -zmax-page-size=128 CMakeFiles/cmTC_2eb9d.dir/CMakeCXXCompilerABI.cpp.obj -lstdc++ -lm -lgcc -lm --start-group -lcglue -lc --end-group -lpsputility -lpsprtc -lpspnet_inet -lpspnet_resolver -lpspmodinfo -lpspuser -lpspkernel -lgcc /home/wouter/pspdev/bin/../lib/gcc/psp/11.2.0/crtend.o /home/wouter/pspdev/bin/../lib/gcc/psp/11.2.0/crtn.o
COLLECT_GCC_OPTIONS='-I' '/home/wouter/pspdev/psp/include' '-I' '/home/wouter/pspdev/psp/sdk/include' '-D' 'PSP' '-O2' '-G' '0' '-L/home/wouter/pspdev/lib' '-L/home/wouter/pspdev/psp/lib' '-L/home/wouter/pspdev/psp/sdk/lib' '-v' '-o' 'cmTC_2eb9d' '-L/home/wouter/pspdev/lib' '-L/home/wouter/pspdev/psp/lib' '-L/home/wouter/pspdev/psp/sdk/lib' '-mhard-float' '-msingle-float' '-dumpdir' 'cmTC_2eb9d.'
gmake[1]: Leaving directory '/home/wouter/Sources/presentation-pspdev-2022/hello world with sdl2/build/CMakeFiles/CMakeTmp'



Parsed CXX implicit include dir info from above output: rv=done
  found start of include info
  found start of implicit include info
    add: [/home/wouter/pspdev/psp/sdk/include]
    add: [/home/wouter/pspdev/bin/../lib/gcc/psp/11.2.0/../../../../psp/include/c++/11.2.0]
    add: [/home/wouter/pspdev/bin/../lib/gcc/psp/11.2.0/../../../../psp/include/c++/11.2.0/psp]
    add: [/home/wouter/pspdev/bin/../lib/gcc/psp/11.2.0/../../../../psp/include/c++/11.2.0/backward]
    add: [/home/wouter/pspdev/bin/../lib/gcc/psp/11.2.0/include]
    add: [/home/wouter/pspdev/bin/../lib/gcc/psp/11.2.0/include-fixed]
    add: [/home/wouter/pspdev/bin/../lib/gcc/psp/11.2.0/../../../../psp/include]
  end of search list found
  collapse include dir [/home/wouter/pspdev/psp/sdk/include] ==> [/home/wouter/pspdev/psp/sdk/include]
  collapse include dir [/home/wouter/pspdev/bin/../lib/gcc/psp/11.2.0/../../../../psp/include/c++/11.2.0] ==> [/home/wouter/pspdev/psp/include/c++/11.2.0]
  collapse include dir [/home/wouter/pspdev/bin/../lib/gcc/psp/11.2.0/../../../../psp/include/c++/11.2.0/psp] ==> [/home/wouter/pspdev/psp/include/c++/11.2.0/psp]
  collapse include dir [/home/wouter/pspdev/bin/../lib/gcc/psp/11.2.0/../../../../psp/include/c++/11.2.0/backward] ==> [/home/wouter/pspdev/psp/include/c++/11.2.0/backward]
  collapse include dir [/home/wouter/pspdev/bin/../lib/gcc/psp/11.2.0/include] ==> [/home/wouter/pspdev/lib/gcc/psp/11.2.0/include]
  collapse include dir [/home/wouter/pspdev/bin/../lib/gcc/psp/11.2.0/include-fixed] ==> [/home/wouter/pspdev/lib/gcc/psp/11.2.0/include-fixed]
  collapse include dir [/home/wouter/pspdev/bin/../lib/gcc/psp/11.2.0/../../../../psp/include] ==> [/home/wouter/pspdev/psp/include]
  implicit include dirs: [/home/wouter/pspdev/psp/sdk/include;/home/wouter/pspdev/psp/include/c++/11.2.0;/home/wouter/pspdev/psp/include/c++/11.2.0/psp;/home/wouter/pspdev/psp/include/c++/11.2.0/backward;/home/wouter/pspdev/lib/gcc/psp/11.2.0/include;/home/wouter/pspdev/lib/gcc/psp/11.2.0/include-fixed;/home/wouter/pspdev/psp/include]


Parsed CXX implicit link information from above output:
  link line regex: [^( *|.*[/\])(psp-ld|CMAKE_LINK_STARTFILE-NOTFOUND|([^/\]+-)?ld|collect2)[^/\]*( |$)]
  ignore line: [Change Dir: /home/wouter/Sources/presentation-pspdev-2022/hello world with sdl2/build/CMakeFiles/CMakeTmp]
  ignore line: []
  ignore line: [Run Build Command(s):/usr/bin/gmake cmTC_2eb9d/fast && /usr/bin/gmake  -f CMakeFiles/cmTC_2eb9d.dir/build.make CMakeFiles/cmTC_2eb9d.dir/build]
  ignore line: [gmake[1]: Entering directory '/home/wouter/Sources/presentation-pspdev-2022/hello world with sdl2/build/CMakeFiles/CMakeTmp']
  ignore line: [Building CXX object CMakeFiles/cmTC_2eb9d.dir/CMakeCXXCompilerABI.cpp.obj]
  ignore line: [/home/wouter/pspdev/bin/psp-g++ -DPSP -D__PSP__  -I/home/wouter/pspdev/psp/include -I/home/wouter/pspdev/psp/sdk/include -DPSP -O2 -G0    -v -o CMakeFiles/cmTC_2eb9d.dir/CMakeCXXCompilerABI.cpp.obj -c /usr/share/cmake-3.18/Modules/CMakeCXXCompilerABI.cpp]
  ignore line: [Using built-in specs.]
  ignore line: [COLLECT_GCC=/home/wouter/pspdev/bin/psp-g++]
  ignore line: [Target: psp]
  ignore line: [Configured with: ../configure --quiet --prefix=/home/runner/work/pspdev/pspdev/pspdev --target=psp --enable-languages=c c++ --with-float=hard --with-newlib --disable-libssp --disable-multilib --enable-cxx-flags=-G0 --silent]
  ignore line: [Thread model: single]
  ignore line: [Supported LTO compression algorithms: zlib]
  ignore line: [gcc version 11.2.0 (GCC) ]
  ignore line: [COLLECT_GCC_OPTIONS='-D' 'PSP' '-D' '__PSP__' '-I' '/home/wouter/pspdev/psp/include' '-I' '/home/wouter/pspdev/psp/sdk/include' '-D' 'PSP' '-O2' '-G' '0' '-v' '-o' 'CMakeFiles/cmTC_2eb9d.dir/CMakeCXXCompilerABI.cpp.obj' '-c' '-mhard-float' '-msingle-float' '-dumpdir' 'CMakeFiles/cmTC_2eb9d.dir/']
  ignore line: [ /home/wouter/pspdev/bin/../libexec/gcc/psp/11.2.0/cc1plus -quiet -v -I /home/wouter/pspdev/psp/include -I /home/wouter/pspdev/psp/sdk/include -iprefix /home/wouter/pspdev/bin/../lib/gcc/psp/11.2.0/ -DPSP=1 -D__PSP__=1 -D_PSP=1 -D__psp__=1 -D PSP -D __PSP__ -D PSP /usr/share/cmake-3.18/Modules/CMakeCXXCompilerABI.cpp -G 0 -quiet -dumpdir CMakeFiles/cmTC_2eb9d.dir/ -dumpbase CMakeCXXCompilerABI.cpp.cpp -dumpbase-ext .cpp -mhard-float -msingle-float -O2 -version -o /tmp/ccnRmf2L.s]
  ignore line: [GNU C++17 (GCC) version 11.2.0 (psp)]
  ignore line: [	compiled by GNU C version 9.3.0  GMP version 6.2.0  MPFR version 4.0.2  MPC version 1.1.0  isl version none]
  ignore line: [warning: GMP header version 6.2.0 differs from library version 6.2.1.]
  ignore line: [warning: MPFR header version 4.0.2 differs from library version 4.1.0.]
  ignore line: [warning: MPC header version 1.1.0 differs from library version 1.2.0.]
  ignore line: [GGC heuristics: --param ggc-min-expand=100 --param ggc-min-heapsize=131072]
  ignore line: [ignoring nonexistent directory "/home/wouter/pspdev/bin/../lib/gcc/psp/11.2.0/../../../../psp/sys-include"]
  ignore line: [ignoring duplicate directory "/home/wouter/pspdev/bin/../lib/gcc/../../lib/gcc/psp/11.2.0/../../../../psp/include/c++/11.2.0"]
  ignore line: [ignoring duplicate directory "/home/wouter/pspdev/bin/../lib/gcc/../../lib/gcc/psp/11.2.0/../../../../psp/include/c++/11.2.0/psp"]
  ignore line: [ignoring duplicate directory "/home/wouter/pspdev/bin/../lib/gcc/../../lib/gcc/psp/11.2.0/../../../../psp/include/c++/11.2.0/backward"]
  ignore line: [ignoring duplicate directory "/home/wouter/pspdev/bin/../lib/gcc/../../lib/gcc/psp/11.2.0/include"]
  ignore line: [ignoring duplicate directory "/home/wouter/pspdev/bin/../lib/gcc/../../lib/gcc/psp/11.2.0/include-fixed"]
  ignore line: [ignoring nonexistent directory "/home/wouter/pspdev/bin/../lib/gcc/../../lib/gcc/psp/11.2.0/../../../../psp/sys-include"]
  ignore line: [ignoring duplicate directory "/home/wouter/pspdev/bin/../lib/gcc/../../lib/gcc/psp/11.2.0/../../../../psp/include"]
  ignore line: [ignoring duplicate directory "/home/wouter/pspdev/psp/include"]
  ignore line: [  as it is a non-system directory that duplicates a system directory]
  ignore line: [#include "..." search starts here:]
  ignore line: [#include <...> search starts here:]
  ignore line: [ /home/wouter/pspdev/psp/sdk/include]
  ignore line: [ /home/wouter/pspdev/bin/../lib/gcc/psp/11.2.0/../../../../psp/include/c++/11.2.0]
  ignore line: [ /home/wouter/pspdev/bin/../lib/gcc/psp/11.2.0/../../../../psp/include/c++/11.2.0/psp]
  ignore line: [ /home/wouter/pspdev/bin/../lib/gcc/psp/11.2.0/../../../../psp/include/c++/11.2.0/backward]
  ignore line: [ /home/wouter/pspdev/bin/../lib/gcc/psp/11.2.0/include]
  ignore line: [ /home/wouter/pspdev/bin/../lib/gcc/psp/11.2.0/include-fixed]
  ignore line: [ /home/wouter/pspdev/bin/../lib/gcc/psp/11.2.0/../../../../psp/include]
  ignore line: [End of search list.]
  ignore line: [GNU C++17 (GCC) version 11.2.0 (psp)]
  ignore line: [	compiled by GNU C version 9.3.0  GMP version 6.2.0  MPFR version 4.0.2  MPC version 1.1.0  isl version none]
  ignore line: [warning: GMP header version 6.2.0 differs from library version 6.2.1.]
  ignore line: [warning: MPFR header version 4.0.2 differs from library version 4.1.0.]
  ignore line: [warning: MPC header version 1.1.0 differs from library version 1.2.0.]
  ignore line: [GGC heuristics: --param ggc-min-expand=100 --param ggc-min-heapsize=131072]
  ignore line: [Compiler executable checksum: 7f6f4d545b67c622b60a268348a85168]
  ignore line: [COLLECT_GCC_OPTIONS='-D' 'PSP' '-D' '__PSP__' '-I' '/home/wouter/pspdev/psp/include' '-I' '/home/wouter/pspdev/psp/sdk/include' '-D' 'PSP' '-O2' '-G' '0' '-v' '-o' 'CMakeFiles/cmTC_2eb9d.dir/CMakeCXXCompilerABI.cpp.obj' '-c' '-mhard-float' '-msingle-float' '-dumpdir' 'CMakeFiles/cmTC_2eb9d.dir/']
  ignore line: [ /home/wouter/pspdev/bin/../lib/gcc/psp/11.2.0/../../../../psp/bin/as -G 0 -EL -O2 -mabi=eabi -mhard-float -msingle-float -o CMakeFiles/cmTC_2eb9d.dir/CMakeCXXCompilerABI.cpp.obj /tmp/ccnRmf2L.s]
  ignore line: [COMPILER_PATH=/home/wouter/pspdev/bin/../libexec/gcc/psp/11.2.0/:/home/wouter/pspdev/bin/../libexec/gcc/:/home/wouter/pspdev/bin/../lib/gcc/psp/11.2.0/../../../../psp/bin/]
  ignore line: [LIBRARY_PATH=/home/wouter/pspdev/bin/../lib/gcc/psp/11.2.0/:/home/wouter/pspdev/bin/../lib/gcc/:/home/wouter/pspdev/bin/../lib/gcc/psp/11.2.0/../../../../psp/lib/]
  ignore line: [COLLECT_GCC_OPTIONS='-D' 'PSP' '-D' '__PSP__' '-I' '/home/wouter/pspdev/psp/include' '-I' '/home/wouter/pspdev/psp/sdk/include' '-D' 'PSP' '-O2' '-G' '0' '-v' '-o' 'CMakeFiles/cmTC_2eb9d.dir/CMakeCXXCompilerABI.cpp.obj' '-c' '-mhard-float' '-msingle-float' '-dumpdir' 'CMakeFiles/cmTC_2eb9d.dir/CMakeCXXCompilerABI.cpp.']
  ignore line: [Linking CXX executable cmTC_2eb9d]
  ignore line: [/usr/bin/cmake -E cmake_link_script CMakeFiles/cmTC_2eb9d.dir/link.txt --verbose=1]
  ignore line: [/home/wouter/pspdev/bin/psp-g++ -I/home/wouter/pspdev/psp/include -I/home/wouter/pspdev/psp/sdk/include -DPSP -O2 -G0  -L/home/wouter/pspdev/lib -L/home/wouter/pspdev/psp/lib -L/home/wouter/pspdev/psp/sdk/lib -Wl -zmax-page-size=128 -v CMakeFiles/cmTC_2eb9d.dir/CMakeCXXCompilerABI.cpp.obj -o cmTC_2eb9d   -L/home/wouter/pspdev/lib  -L/home/wouter/pspdev/psp/lib  -L/home/wouter/pspdev/psp/sdk/lib ]
  ignore line: [Using built-in specs.]
  ignore line: [COLLECT_GCC=/home/wouter/pspdev/bin/psp-g++]
  ignore line: [COLLECT_LTO_WRAPPER=/home/wouter/pspdev/bin/../libexec/gcc/psp/11.2.0/lto-wrapper]
  ignore line: [Target: psp]
  ignore line: [Configured with: ../configure --quiet --prefix=/home/runner/work/pspdev/pspdev/pspdev --target=psp --enable-languages=c c++ --with-float=hard --with-newlib --disable-libssp --disable-multilib --enable-cxx-flags=-G0 --silent]
  ignore line: [Thread model: single]
  ignore line: [Supported LTO compression algorithms: zlib]
  ignore line: [gcc version 11.2.0 (GCC) ]
  ignore line: [COMPILER_PATH=/home/wouter/pspdev/bin/../libexec/gcc/psp/11.2.0/:/home/wouter/pspdev/bin/../libexec/gcc/:/home/wouter/pspdev/bin/../lib/gcc/psp/11.2.0/../../../../psp/bin/]
  ignore line: [LIBRARY_PATH=/home/wouter/pspdev/bin/../lib/gcc/psp/11.2.0/:/home/wouter/pspdev/bin/../lib/gcc/:/home/wouter/pspdev/bin/../lib/gcc/psp/11.2.0/../../../../psp/lib/]
  ignore line: [COLLECT_GCC_OPTIONS='-I' '/home/wouter/pspdev/psp/include' '-I' '/home/wouter/pspdev/psp/sdk/include' '-D' 'PSP' '-O2' '-G' '0' '-L/home/wouter/pspdev/lib' '-L/home/wouter/pspdev/psp/lib' '-L/home/wouter/pspdev/psp/sdk/lib' '-v' '-o' 'cmTC_2eb9d' '-L/home/wouter/pspdev/lib' '-L/home/wouter/pspdev/psp/lib' '-L/home/wouter/pspdev/psp/sdk/lib' '-mhard-float' '-msingle-float' '-dumpdir' 'cmTC_2eb9d.']
  link line: [ /home/wouter/pspdev/bin/../libexec/gcc/psp/11.2.0/collect2 -plugin /home/wouter/pspdev/bin/../libexec/gcc/psp/11.2.0/liblto_plugin.so -plugin-opt=/home/wouter/pspdev/bin/../libexec/gcc/psp/11.2.0/lto-wrapper -plugin-opt=-fresolution=/tmp/ccoQfUQ7.res -plugin-opt=-pass-through=-lgcc -plugin-opt=-pass-through=-lm -plugin-opt=-pass-through=-lcglue -plugin-opt=-pass-through=-lc -plugin-opt=-pass-through=-lpsputility -plugin-opt=-pass-through=-lpsprtc -plugin-opt=-pass-through=-lpspnet_inet -plugin-opt=-pass-through=-lpspnet_resolver -plugin-opt=-pass-through=-lpspmodinfo -plugin-opt=-pass-through=-lpspuser -plugin-opt=-pass-through=-lpspkernel -plugin-opt=-pass-through=-lgcc -EL -G 0 -o cmTC_2eb9d /home/wouter/pspdev/bin/../lib/gcc/psp/11.2.0/../../../../psp/lib/crt0.o /home/wouter/pspdev/bin/../lib/gcc/psp/11.2.0/crti.o /home/wouter/pspdev/bin/../lib/gcc/psp/11.2.0/crtbegin.o -L/home/wouter/pspdev/lib -L/home/wouter/pspdev/psp/lib -L/home/wouter/pspdev/psp/sdk/lib -L/home/wouter/pspdev/lib -L/home/wouter/pspdev/psp/lib -L/home/wouter/pspdev/psp/sdk/lib -L/home/wouter/pspdev/bin/../lib/gcc/psp/11.2.0 -L/home/wouter/pspdev/bin/../lib/gcc -L/home/wouter/pspdev/bin/../lib/gcc/psp/11.2.0/../../../../psp/lib -zmax-page-size=128 CMakeFiles/cmTC_2eb9d.dir/CMakeCXXCompilerABI.cpp.obj -lstdc++ -lm -lgcc -lm --start-group -lcglue -lc --end-group -lpsputility -lpsprtc -lpspnet_inet -lpspnet_resolver -lpspmodinfo -lpspuser -lpspkernel -lgcc /home/wouter/pspdev/bin/../lib/gcc/psp/11.2.0/crtend.o /home/wouter/pspdev/bin/../lib/gcc/psp/11.2.0/crtn.o]
    arg [/home/wouter/pspdev/bin/../libexec/gcc/psp/11.2.0/collect2] ==> ignore
    arg [-plugin] ==> ignore
    arg [/home/wouter/pspdev/bin/../libexec/gcc/psp/11.2.0/liblto_plugin.so] ==> ignore
    arg [-plugin-opt=/home/wouter/pspdev/bin/../libexec/gcc/psp/11.2.0/lto-wrapper] ==> ignore
    arg [-plugin-opt=-fresolution=/tmp/ccoQfUQ7.res] ==> ignore
    arg [-plugin-opt=-pass-through=-lgcc] ==> ignore
    arg [-plugin-opt=-pass-through=-lm] ==> ignore
    arg [-plugin-opt=-pass-through=-lcglue] ==> ignore
    arg [-plugin-opt=-pass-through=-lc] ==> ignore
    arg [-plugin-opt=-pass-through=-lpsputility] ==> ignore
    arg [-plugin-opt=-pass-through=-lpsprtc] ==> ignore
    arg [-plugin-opt=-pass-through=-lpspnet_inet] ==> ignore
    arg [-plugin-opt=-pass-through=-lpspnet_resolver] ==> ignore
    arg [-plugin-opt=-pass-through=-lpspmodinfo] ==> ignore
    arg [-plugin-opt=-pass-through=-lpspuser] ==> ignore
    arg [-plugin-opt=-pass-through=-lpspkernel] ==> ignore
    arg [-plugin-opt=-pass-through=-lgcc] ==> ignore
    arg [-EL] ==> ignore
    arg [-G] ==> ignore
    arg [0] ==> ignore
    arg [-o] ==> ignore
    arg [cmTC_2eb9d] ==> ignore
    arg [/home/wouter/pspdev/bin/../lib/gcc/psp/11.2.0/../../../../psp/lib/crt0.o] ==> ignore
    arg [/home/wouter/pspdev/bin/../lib/gcc/psp/11.2.0/crti.o] ==> ignore
    arg [/home/wouter/pspdev/bin/../lib/gcc/psp/11.2.0/crtbegin.o] ==> ignore
    arg [-L/home/wouter/pspdev/lib] ==> dir [/home/wouter/pspdev/lib]
    arg [-L/home/wouter/pspdev/psp/lib] ==> dir [/home/wouter/pspdev/psp/lib]
    arg [-L/home/wouter/pspdev/psp/sdk/lib] ==> dir [/home/wouter/pspdev/psp/sdk/lib]
    arg [-L/home/wouter/pspdev/lib] ==> dir [/home/wouter/pspdev/lib]
    arg [-L/home/wouter/pspdev/psp/lib] ==> dir [/home/wouter/pspdev/psp/lib]
    arg [-L/home/wouter/pspdev/psp/sdk/lib] ==> dir [/home/wouter/pspdev/psp/sdk/lib]
    arg [-L/home/wouter/pspdev/bin/../lib/gcc/psp/11.2.0] ==> dir [/home/wouter/pspdev/bin/../lib/gcc/psp/11.2.0]
    arg [-L/home/wouter/pspdev/bin/../lib/gcc] ==> dir [/home/wouter/pspdev/bin/../lib/gcc]
    arg [-L/home/wouter/pspdev/bin/../lib/gcc/psp/11.2.0/../../../../psp/lib] ==> dir [/home/wouter/pspdev/bin/../lib/gcc/psp/11.2.0/../../../../psp/lib]
    arg [-zmax-page-size=128] ==> ignore
    arg [CMakeFiles/cmTC_2eb9d.dir/CMakeCXXCompilerABI.cpp.obj] ==> ignore
    arg [-lstdc++] ==> lib [stdc++]
    arg [-lm] ==> lib [m]
    arg [-lgcc] ==> lib [gcc]
    arg [-lm] ==> lib [m]
    arg [--start-group] ==> ignore
    arg [-lcglue] ==> lib [cglue]
    arg [-lc] ==> lib [c]
    arg [--end-group] ==> ignore
    arg [-lpsputility] ==> lib [psputility]
    arg [-lpsprtc] ==> lib [psprtc]
    arg [-lpspnet_inet] ==> lib [pspnet_inet]
    arg [-lpspnet_resolver] ==> lib [pspnet_resolver]
    arg [-lpspmodinfo] ==> lib [pspmodinfo]
    arg [-lpspuser] ==> lib [pspuser]
    arg [-lpspkernel] ==> lib [pspkernel]
    arg [-lgcc] ==> lib [gcc]
    arg [/home/wouter/pspdev/bin/../lib/gcc/psp/11.2.0/crtend.o] ==> ignore
    arg [/home/wouter/pspdev/bin/../lib/gcc/psp/11.2.0/crtn.o] ==> ignore
  collapse library dir [/home/wouter/pspdev/lib] ==> [/home/wouter/pspdev/lib]
  collapse library dir [/home/wouter/pspdev/psp/lib] ==> [/home/wouter/pspdev/psp/lib]
  collapse library dir [/home/wouter/pspdev/psp/sdk/lib] ==> [/home/wouter/pspdev/psp/sdk/lib]
  collapse library dir [/home/wouter/pspdev/lib] ==> [/home/wouter/pspdev/lib]
  collapse library dir [/home/wouter/pspdev/psp/lib] ==> [/home/wouter/pspdev/psp/lib]
  collapse library dir [/home/wouter/pspdev/psp/sdk/lib] ==> [/home/wouter/pspdev/psp/sdk/lib]
  collapse library dir [/home/wouter/pspdev/bin/../lib/gcc/psp/11.2.0] ==> [/home/wouter/pspdev/lib/gcc/psp/11.2.0]
  collapse library dir [/home/wouter/pspdev/bin/../lib/gcc] ==> [/home/wouter/pspdev/lib/gcc]
  collapse library dir [/home/wouter/pspdev/bin/../lib/gcc/psp/11.2.0/../../../../psp/lib] ==> [/home/wouter/pspdev/psp/lib]
  implicit libs: [stdc++;m;gcc;m;cglue;c;psputility;psprtc;pspnet_inet;pspnet_resolver;pspmodinfo;pspuser;pspkernel;gcc]
  implicit dirs: [/home/wouter/pspdev/lib;/home/wouter/pspdev/psp/lib;/home/wouter/pspdev/psp/sdk/lib;/home/wouter/pspdev/lib/gcc/psp/11.2.0;/home/wouter/pspdev/lib/gcc]
  implicit fwks: []


